<?xml version="1.0" encoding="UTF-8"?>
<!-- Generated by org.testng.reporters.JUnitReportReporter -->
<testsuite skipped="0" hostname="DAWN" name="Assignment.Zoopla.Test.NewTest" tests="1" failures="0" timestamp="03 May 2020 08:27:05 GMT" time="28.054" errors="0">
  <testcase name="valiDateAgentName" time="28.054" classname="Assignment.Zoopla.Test.NewTest"/>
</testsuite> <!-- Assignment.Zoopla.Test.NewTest -->
