<?xml version="1.0" encoding="UTF-8"?>
<!-- Generated by org.testng.reporters.JUnitReportReporter -->
<testsuite skipped="0" hostname="DAWN" name="Assignment.Zoopla.Test.NewTest" tests="1" failures="0" timestamp="06 Apr 2019 07:33:57 GMT" time="64.868" errors="0">
  <testcase name="valiDateAgentName" time="64.868" classname="Assignment.Zoopla.Test.NewTest"/>
</testsuite> <!-- Assignment.Zoopla.Test.NewTest -->
